<?xml version="1.0" encoding="UTF-8"?>
<testng-results ignored="0" total="1" passed="1" failed="0" skipped="0">
  <reporter-output>
  </reporter-output>
  <suite started-at="2021-09-06T13:12:40 IST" name="Suite" finished-at="2021-09-06T13:12:50 IST" duration-ms="9707">
    <groups>
    </groups>
    <test started-at="2021-09-06T13:12:40 IST" name="Test" finished-at="2021-09-06T13:12:50 IST" duration-ms="9707">
      <class name="com.Chemoly.TestScripts.CreateReportsTest">
        <test-method signature="run()[pri:0, instance:com.Chemoly.TestScripts.CreateReportsTest@5ab9e72c]" started-at="2021-09-06T13:12:40 IST" name="run" finished-at="2021-09-06T13:12:50 IST" duration-ms="9669" status="PASS">
          <reporter-output>
          </reporter-output>
        </test-method> <!-- run -->
      </class> <!-- com.Chemoly.TestScripts.CreateReportsTest -->
    </test> <!-- Test -->
  </suite> <!-- Suite -->
</testng-results>
